31-05-2020 04:00:47.528 [restartedMain] INFO  br.com.erudio.StartApplication.logStarting - Starting StartApplication on matos with PID 28663 (/home/esmatos/CursoSpring/springAWS/RestWithSpringBootUdemy/03 ProjetoCrud/target/classes started by esmatos in /home/esmatos/CursoSpring/springAWS/RestWithSpringBootUdemy/03 ProjetoCrud)
31-05-2020 04:00:47.531 [restartedMain] INFO  br.com.erudio.StartApplication.logStartupProfileInfo - No active profile set, falling back to default profiles: default
31-05-2020 04:00:47.585 [restartedMain] INFO  o.s.b.d.e.DevToolsPropertyDefaultsPostProcessor.logTo - Devtools property defaults active! Set 'spring.devtools.add-properties' to 'false' to disable
31-05-2020 04:00:47.586 [restartedMain] INFO  o.s.b.d.e.DevToolsPropertyDefaultsPostProcessor.logTo - For additional web related logging consider setting the 'logging.level.web' property to 'DEBUG'
31-05-2020 04:00:48.299 [restartedMain] INFO  o.s.d.r.c.RepositoryConfigurationDelegate.registerRepositoriesIn - Bootstrapping Spring Data JPA repositories in DEFERRED mode.
31-05-2020 04:00:48.316 [restartedMain] INFO  o.s.d.r.c.RepositoryConfigurationDelegate.registerRepositoriesIn - Finished Spring Data repository scanning in 11ms. Found 0 JPA repository interfaces.
31-05-2020 04:00:48.735 [restartedMain] INFO  o.s.b.w.e.tomcat.TomcatWebServer.initialize - Tomcat initialized with port(s): 8080 (http)
31-05-2020 04:00:48.750 [restartedMain] INFO  o.a.coyote.http11.Http11NioProtocol.log - Initializing ProtocolHandler ["http-nio-8080"]
31-05-2020 04:00:48.751 [restartedMain] INFO  o.a.catalina.core.StandardService.log - Starting service [Tomcat]
31-05-2020 04:00:48.751 [restartedMain] INFO  o.a.catalina.core.StandardEngine.log - Starting Servlet engine: [Apache Tomcat/9.0.35]
31-05-2020 04:00:48.802 [restartedMain] INFO  o.a.c.c.C.[Tomcat].[localhost].[/].log - Initializing Spring embedded WebApplicationContext
31-05-2020 04:00:48.802 [restartedMain] INFO  o.s.web.context.ContextLoader.prepareWebApplicationContext - Root WebApplicationContext: initialization completed in 1216 ms
31-05-2020 04:00:48.975 [restartedMain] INFO  o.s.s.c.ThreadPoolTaskExecutor.initialize - Initializing ExecutorService 'applicationTaskExecutor'
31-05-2020 04:00:49.010 [task-1] INFO  o.h.jpa.internal.util.LogHelper.logPersistenceUnitInformation - HHH000204: Processing PersistenceUnitInfo [name: default]
31-05-2020 04:00:49.050 [task-1] INFO  org.hibernate.Version.logVersion - HHH000412: Hibernate ORM core version 5.4.15.Final
31-05-2020 04:00:49.059 [restartedMain] WARN  o.s.b.a.o.j.JpaBaseConfiguration$JpaWebConfiguration.openEntityManagerInViewInterceptor - spring.jpa.open-in-view is enabled by default. Therefore, database queries may be performed during view rendering. Explicitly configure spring.jpa.open-in-view to disable this warning
31-05-2020 04:00:49.156 [task-1] INFO  o.h.annotations.common.Version.<clinit> - HCANN000001: Hibernate Commons Annotations {5.1.0.Final}
31-05-2020 04:00:49.245 [task-1] INFO  com.zaxxer.hikari.HikariDataSource.getConnection - HikariPool-1 - Starting...
31-05-2020 04:00:49.395 [restartedMain] INFO  o.s.b.d.a.OptionalLiveReloadServer.startServer - LiveReload server is running on port 35729
31-05-2020 04:00:49.418 [restartedMain] INFO  o.a.coyote.http11.Http11NioProtocol.log - Starting ProtocolHandler ["http-nio-8080"]
31-05-2020 04:00:49.439 [restartedMain] INFO  o.s.b.w.e.tomcat.TomcatWebServer.start - Tomcat started on port(s): 8080 (http) with context path ''
31-05-2020 04:00:49.441 [restartedMain] INFO  o.s.d.r.c.DeferredRepositoryInitializationListener.onApplicationEvent - Triggering deferred initialization of Spring Data repositories…
31-05-2020 04:00:49.441 [restartedMain] INFO  o.s.d.r.c.DeferredRepositoryInitializationListener.onApplicationEvent - Spring Data repositories initialized!
31-05-2020 04:00:49.448 [restartedMain] INFO  br.com.erudio.StartApplication.logStarted - Started StartApplication in 2.299 seconds (JVM running for 3.035)
31-05-2020 04:00:49.583 [task-1] INFO  com.zaxxer.hikari.HikariDataSource.getConnection - HikariPool-1 - Start completed.
31-05-2020 04:00:49.592 [task-1] INFO  org.hibernate.dialect.Dialect.<init> - HHH000400: Using dialect: org.hibernate.dialect.MySQL5InnoDBDialect
31-05-2020 04:00:49.859 [task-1] INFO  o.h.e.t.j.p.i.JtaPlatformInitiator.initiateService - HHH000490: Using JtaPlatform implementation: [org.hibernate.engine.transaction.jta.platform.internal.NoJtaPlatform]
31-05-2020 04:00:49.869 [task-1] INFO  o.s.o.j.LocalContainerEntityManagerFactoryBean.buildNativeEntityManagerFactory - Initialized JPA EntityManagerFactory for persistence unit 'default'
31-05-2020 04:01:20.160 [RMI TCP Connection(3)-127.0.0.1] INFO  o.s.b.a.SpringApplicationAdminMXBeanRegistrar$SpringApplicationAdmin.shutdown - Application shutdown requested.
31-05-2020 04:01:20.195 [RMI TCP Connection(3)-127.0.0.1] INFO  o.s.o.j.LocalContainerEntityManagerFactoryBean.destroy - Closing JPA EntityManagerFactory for persistence unit 'default'
31-05-2020 04:01:20.197 [RMI TCP Connection(3)-127.0.0.1] INFO  o.s.s.c.ThreadPoolTaskExecutor.shutdown - Shutting down ExecutorService 'applicationTaskExecutor'
31-05-2020 04:01:20.201 [RMI TCP Connection(3)-127.0.0.1] INFO  com.zaxxer.hikari.HikariDataSource.close - HikariPool-1 - Shutdown initiated...
31-05-2020 04:01:20.233 [RMI TCP Connection(3)-127.0.0.1] INFO  com.zaxxer.hikari.HikariDataSource.close - HikariPool-1 - Shutdown completed.
31-05-2020 04:02:18.630 [restartedMain] INFO  br.com.erudio.StartApplication.logStarting - Starting StartApplication on matos with PID 28958 (/home/esmatos/CursoSpring/springAWS/RestWithSpringBootUdemy/03 ProjetoCrud/target/classes started by esmatos in /home/esmatos/CursoSpring/springAWS/RestWithSpringBootUdemy/03 ProjetoCrud)
31-05-2020 04:02:18.632 [restartedMain] INFO  br.com.erudio.StartApplication.logStartupProfileInfo - No active profile set, falling back to default profiles: default
31-05-2020 04:02:18.664 [restartedMain] INFO  o.s.b.d.e.DevToolsPropertyDefaultsPostProcessor.logTo - Devtools property defaults active! Set 'spring.devtools.add-properties' to 'false' to disable
31-05-2020 04:02:18.665 [restartedMain] INFO  o.s.b.d.e.DevToolsPropertyDefaultsPostProcessor.logTo - For additional web related logging consider setting the 'logging.level.web' property to 'DEBUG'
31-05-2020 04:02:19.284 [restartedMain] INFO  o.s.d.r.c.RepositoryConfigurationDelegate.registerRepositoriesIn - Bootstrapping Spring Data JPA repositories in DEFERRED mode.
31-05-2020 04:02:19.311 [restartedMain] INFO  o.s.d.r.c.RepositoryConfigurationDelegate.registerRepositoriesIn - Finished Spring Data repository scanning in 13ms. Found 0 JPA repository interfaces.
31-05-2020 04:02:19.911 [restartedMain] INFO  o.s.b.w.e.tomcat.TomcatWebServer.initialize - Tomcat initialized with port(s): 8080 (http)
31-05-2020 04:02:19.918 [restartedMain] INFO  o.a.coyote.http11.Http11NioProtocol.log - Initializing ProtocolHandler ["http-nio-8080"]
31-05-2020 04:02:19.925 [restartedMain] INFO  o.a.catalina.core.StandardService.log - Starting service [Tomcat]
31-05-2020 04:02:19.930 [restartedMain] INFO  o.a.catalina.core.StandardEngine.log - Starting Servlet engine: [Apache Tomcat/9.0.35]
31-05-2020 04:02:20.000 [restartedMain] INFO  o.a.c.c.C.[Tomcat].[localhost].[/].log - Initializing Spring embedded WebApplicationContext
31-05-2020 04:02:20.001 [restartedMain] INFO  o.s.web.context.ContextLoader.prepareWebApplicationContext - Root WebApplicationContext: initialization completed in 1336 ms
31-05-2020 04:02:20.184 [restartedMain] INFO  o.s.s.c.ThreadPoolTaskExecutor.initialize - Initializing ExecutorService 'applicationTaskExecutor'
31-05-2020 04:02:20.210 [task-1] INFO  o.h.jpa.internal.util.LogHelper.logPersistenceUnitInformation - HHH000204: Processing PersistenceUnitInfo [name: default]
31-05-2020 04:02:20.273 [restartedMain] WARN  o.s.b.a.o.j.JpaBaseConfiguration$JpaWebConfiguration.openEntityManagerInViewInterceptor - spring.jpa.open-in-view is enabled by default. Therefore, database queries may be performed during view rendering. Explicitly configure spring.jpa.open-in-view to disable this warning
31-05-2020 04:02:20.273 [task-1] INFO  org.hibernate.Version.logVersion - HHH000412: Hibernate ORM core version 5.4.15.Final
31-05-2020 04:02:20.356 [task-1] INFO  o.h.annotations.common.Version.<clinit> - HCANN000001: Hibernate Commons Annotations {5.1.0.Final}
31-05-2020 04:02:20.418 [task-1] INFO  com.zaxxer.hikari.HikariDataSource.getConnection - HikariPool-1 - Starting...
31-05-2020 04:02:20.573 [restartedMain] INFO  o.s.b.d.a.OptionalLiveReloadServer.startServer - LiveReload server is running on port 35729
31-05-2020 04:02:20.597 [restartedMain] INFO  o.a.coyote.http11.Http11NioProtocol.log - Starting ProtocolHandler ["http-nio-8080"]
31-05-2020 04:02:20.620 [restartedMain] INFO  o.s.b.w.e.tomcat.TomcatWebServer.start - Tomcat started on port(s): 8080 (http) with context path ''
31-05-2020 04:02:20.622 [restartedMain] INFO  o.s.d.r.c.DeferredRepositoryInitializationListener.onApplicationEvent - Triggering deferred initialization of Spring Data repositories…
31-05-2020 04:02:20.623 [restartedMain] INFO  o.s.d.r.c.DeferredRepositoryInitializationListener.onApplicationEvent - Spring Data repositories initialized!
31-05-2020 04:02:20.634 [restartedMain] INFO  br.com.erudio.StartApplication.logStarted - Started StartApplication in 2.3 seconds (JVM running for 2.92)
31-05-2020 04:02:20.720 [task-1] INFO  com.zaxxer.hikari.HikariDataSource.getConnection - HikariPool-1 - Start completed.
31-05-2020 04:02:20.731 [task-1] INFO  org.hibernate.dialect.Dialect.<init> - HHH000400: Using dialect: org.hibernate.dialect.MySQL5InnoDBDialect
31-05-2020 04:02:20.894 [task-1] INFO  o.h.e.t.j.p.i.JtaPlatformInitiator.initiateService - HHH000490: Using JtaPlatform implementation: [org.hibernate.engine.transaction.jta.platform.internal.NoJtaPlatform]
31-05-2020 04:02:20.900 [task-1] INFO  o.s.o.j.LocalContainerEntityManagerFactoryBean.buildNativeEntityManagerFactory - Initialized JPA EntityManagerFactory for persistence unit 'default'
31-05-2020 04:03:29.511 [RMI TCP Connection(4)-127.0.0.1] INFO  o.s.b.a.SpringApplicationAdminMXBeanRegistrar$SpringApplicationAdmin.shutdown - Application shutdown requested.
31-05-2020 04:03:29.556 [RMI TCP Connection(4)-127.0.0.1] INFO  o.s.o.j.LocalContainerEntityManagerFactoryBean.destroy - Closing JPA EntityManagerFactory for persistence unit 'default'
31-05-2020 04:03:29.558 [RMI TCP Connection(4)-127.0.0.1] INFO  o.s.s.c.ThreadPoolTaskExecutor.shutdown - Shutting down ExecutorService 'applicationTaskExecutor'
31-05-2020 04:03:29.559 [RMI TCP Connection(4)-127.0.0.1] INFO  com.zaxxer.hikari.HikariDataSource.close - HikariPool-1 - Shutdown initiated...
31-05-2020 04:03:29.598 [RMI TCP Connection(4)-127.0.0.1] INFO  com.zaxxer.hikari.HikariDataSource.close - HikariPool-1 - Shutdown completed.
31-05-2020 04:18:31.226 [restartedMain] INFO  br.com.erudio.StartApplication.logStarting - Starting StartApplication on matos with PID 29920 (/home/esmatos/CursoSpring/springAWS/RestWithSpringBootUdemy/03 ProjetoCrud/target/classes started by esmatos in /home/esmatos/CursoSpring/springAWS/RestWithSpringBootUdemy/03 ProjetoCrud)
31-05-2020 04:18:31.228 [restartedMain] INFO  br.com.erudio.StartApplication.logStartupProfileInfo - No active profile set, falling back to default profiles: default
31-05-2020 04:18:31.297 [restartedMain] INFO  o.s.b.d.e.DevToolsPropertyDefaultsPostProcessor.logTo - Devtools property defaults active! Set 'spring.devtools.add-properties' to 'false' to disable
31-05-2020 04:18:31.298 [restartedMain] INFO  o.s.b.d.e.DevToolsPropertyDefaultsPostProcessor.logTo - For additional web related logging consider setting the 'logging.level.web' property to 'DEBUG'
31-05-2020 04:18:32.136 [restartedMain] INFO  o.s.d.r.c.RepositoryConfigurationDelegate.registerRepositoriesIn - Bootstrapping Spring Data JPA repositories in DEFERRED mode.
31-05-2020 04:18:32.226 [restartedMain] INFO  o.s.d.r.c.RepositoryConfigurationDelegate.registerRepositoriesIn - Finished Spring Data repository scanning in 77ms. Found 1 JPA repository interfaces.
31-05-2020 04:18:32.696 [restartedMain] INFO  o.s.b.w.e.tomcat.TomcatWebServer.initialize - Tomcat initialized with port(s): 8080 (http)
31-05-2020 04:18:32.701 [restartedMain] INFO  o.a.coyote.http11.Http11NioProtocol.log - Initializing ProtocolHandler ["http-nio-8080"]
31-05-2020 04:18:32.702 [restartedMain] INFO  o.a.catalina.core.StandardService.log - Starting service [Tomcat]
31-05-2020 04:18:32.702 [restartedMain] INFO  o.a.catalina.core.StandardEngine.log - Starting Servlet engine: [Apache Tomcat/9.0.35]
31-05-2020 04:18:32.745 [restartedMain] INFO  o.a.c.c.C.[Tomcat].[localhost].[/].log - Initializing Spring embedded WebApplicationContext
31-05-2020 04:18:32.746 [restartedMain] INFO  o.s.web.context.ContextLoader.prepareWebApplicationContext - Root WebApplicationContext: initialization completed in 1446 ms
31-05-2020 04:18:32.882 [restartedMain] INFO  o.s.s.c.ThreadPoolTaskExecutor.initialize - Initializing ExecutorService 'applicationTaskExecutor'
31-05-2020 04:18:32.907 [task-1] INFO  o.h.jpa.internal.util.LogHelper.logPersistenceUnitInformation - HHH000204: Processing PersistenceUnitInfo [name: default]
31-05-2020 04:18:32.940 [restartedMain] WARN  o.s.b.a.o.j.JpaBaseConfiguration$JpaWebConfiguration.openEntityManagerInViewInterceptor - spring.jpa.open-in-view is enabled by default. Therefore, database queries may be performed during view rendering. Explicitly configure spring.jpa.open-in-view to disable this warning
31-05-2020 04:18:32.941 [task-1] INFO  org.hibernate.Version.logVersion - HHH000412: Hibernate ORM core version 5.4.15.Final
31-05-2020 04:18:33.056 [task-1] INFO  o.h.annotations.common.Version.<clinit> - HCANN000001: Hibernate Commons Annotations {5.1.0.Final}
31-05-2020 04:18:33.108 [task-1] INFO  com.zaxxer.hikari.HikariDataSource.getConnection - HikariPool-1 - Starting...
31-05-2020 04:18:33.416 [task-1] INFO  com.zaxxer.hikari.HikariDataSource.getConnection - HikariPool-1 - Start completed.
31-05-2020 04:18:33.434 [task-1] INFO  org.hibernate.dialect.Dialect.<init> - HHH000400: Using dialect: org.hibernate.dialect.MySQL5InnoDBDialect
31-05-2020 04:18:34.106 [task-1] DEBUG org.hibernate.SQL.logStatement - 
    
    create table person (
       id bigint not null auto_increment,
        address varchar(100) not null,
        first_name varchar(50) not null,
        gender varchar(6) not null,
        last_name varchar(50) not null,
        primary key (id)
    ) engine=InnoDB
31-05-2020 04:18:34.130 [task-1] INFO  o.h.e.t.j.p.i.JtaPlatformInitiator.initiateService - HHH000490: Using JtaPlatform implementation: [org.hibernate.engine.transaction.jta.platform.internal.NoJtaPlatform]
31-05-2020 04:18:34.138 [task-1] INFO  o.s.o.j.LocalContainerEntityManagerFactoryBean.buildNativeEntityManagerFactory - Initialized JPA EntityManagerFactory for persistence unit 'default'
31-05-2020 04:18:34.531 [task-2] INFO  o.s.b.d.a.OptionalLiveReloadServer.startServer - LiveReload server is running on port 35729
31-05-2020 04:18:34.732 [restartedMain] INFO  o.a.coyote.http11.Http11NioProtocol.log - Starting ProtocolHandler ["http-nio-8080"]
31-05-2020 04:18:34.755 [restartedMain] INFO  o.s.b.w.e.tomcat.TomcatWebServer.start - Tomcat started on port(s): 8080 (http) with context path ''
31-05-2020 04:18:34.756 [restartedMain] INFO  o.s.d.r.c.DeferredRepositoryInitializationListener.onApplicationEvent - Triggering deferred initialization of Spring Data repositories…
31-05-2020 04:18:34.796 [restartedMain] INFO  o.s.d.r.c.DeferredRepositoryInitializationListener.onApplicationEvent - Spring Data repositories initialized!
31-05-2020 04:18:34.808 [restartedMain] INFO  br.com.erudio.StartApplication.logStarted - Started StartApplication in 3.915 seconds (JVM running for 4.63)
31-05-2020 04:19:32.628 [RMI TCP Connection(3)-127.0.0.1] INFO  o.s.b.a.SpringApplicationAdminMXBeanRegistrar$SpringApplicationAdmin.shutdown - Application shutdown requested.
31-05-2020 04:19:32.666 [RMI TCP Connection(3)-127.0.0.1] INFO  o.s.o.j.LocalContainerEntityManagerFactoryBean.destroy - Closing JPA EntityManagerFactory for persistence unit 'default'
31-05-2020 04:19:32.668 [RMI TCP Connection(3)-127.0.0.1] INFO  o.s.s.c.ThreadPoolTaskExecutor.shutdown - Shutting down ExecutorService 'applicationTaskExecutor'
31-05-2020 04:19:32.670 [RMI TCP Connection(3)-127.0.0.1] INFO  com.zaxxer.hikari.HikariDataSource.close - HikariPool-1 - Shutdown initiated...
31-05-2020 04:19:32.688 [RMI TCP Connection(3)-127.0.0.1] INFO  com.zaxxer.hikari.HikariDataSource.close - HikariPool-1 - Shutdown completed.
